\BOOKMARK [1][-]{section.1}{Introduction}{}% 1
\BOOKMARK [1][-]{section.2}{Description du syst\350me}{}% 2
\BOOKMARK [2][-]{subsection.2.1}{Objectifs du syst\350me}{section.2}% 3
\BOOKMARK [2][-]{subsection.2.2}{Exigences du syst\350me}{section.2}% 4
\BOOKMARK [3][-]{subsubsection.2.2.1}{Exigences technologiques}{subsection.2.2}% 5
\BOOKMARK [3][-]{subsubsection.2.2.2}{Exigences fonctionnelles}{subsection.2.2}% 6
\BOOKMARK [3][-]{subsubsection.2.2.3}{Exigences s\351curitaires}{subsection.2.2}% 7
\BOOKMARK [2][-]{subsection.2.3}{Constitution du syst\350me}{section.2}% 8
\BOOKMARK [2][-]{subsection.2.4}{Biens}{section.2}% 9
\BOOKMARK [1][-]{section.3}{Sources de menaces}{}% 10
\BOOKMARK [1][-]{section.4}{Sc\351narios d'attaques}{}% 11
\BOOKMARK [2][-]{subsubsection.4.0.1}{Perte de confidentialit\351}{section.4}% 12
\BOOKMARK [3][-]{subsubsection.4.0.2}{Perte de disponibilit\351}{subsubsection.4.0.1}% 13
\BOOKMARK [3][-]{subsubsection.4.0.3}{Perte d'int\351grit\351}{subsubsection.4.0.1}% 14
\BOOKMARK [3][-]{subsubsection.4.0.4}{Acc\350s non autoris\351 \340 des ressources}{subsubsection.4.0.1}% 15
\BOOKMARK [1][-]{section.5}{Contremesures}{}% 16
\BOOKMARK [2][-]{subsection.5.1}{Contremesure}{section.5}% 17
\BOOKMARK [2][-]{subsection.5.2}{Contremesure}{section.5}% 18
\BOOKMARK [2][-]{subsection.5.3}{Contremesure}{section.5}% 19
\BOOKMARK [2][-]{subsection.5.4}{Contremesure}{section.5}% 20
\BOOKMARK [2][-]{subsection.5.5}{Contremesure}{section.5}% 21
\BOOKMARK [2][-]{subsection.5.6}{Contremesure}{section.5}% 22
\BOOKMARK [2][-]{subsection.5.7}{Contremesure}{section.5}% 23
\BOOKMARK [2][-]{subsection.5.8}{Contremesure}{section.5}% 24
\BOOKMARK [2][-]{subsection.5.9}{Contremesure}{section.5}% 25
